Build started 1/21/2016 12:36:17 AM.
     1>Project "C:\Users\neilb_000\Desktop\Depot\Courses\4490\W15\assignments\markingold\Assignment 2 Submissions Download Feb 11, 2015 117 PM\9604-15935 - Patrick Murphy - Feb 23, 2014 959 PM - A2\fltk-1.3.3\ide\VisualC2010\rotated_text.vcxproj" on node 2 (Build target(s)).
     1>C:\Program Files (x86)\MSBuild\Microsoft.Cpp\v4.0\V110\Microsoft.CppBuild.targets(296,5): error MSB3371: The file ".\rotated_text_release\rotated_text.unsuccessfulbuild" cannot be created. The specified path, file name, or both are too long. The fully qualified file name must be less than 260 characters, and the directory name must be less than 248 characters.
     1>Done Building Project "C:\Users\neilb_000\Desktop\Depot\Courses\4490\W15\assignments\markingold\Assignment 2 Submissions Download Feb 11, 2015 117 PM\9604-15935 - Patrick Murphy - Feb 23, 2014 959 PM - A2\fltk-1.3.3\ide\VisualC2010\rotated_text.vcxproj" (Build target(s)) -- FAILED.

Build FAILED.

Time Elapsed 00:00:00.00
